<?xml version="1.0" encoding="UTF-8"?>
<!-- Generated by org.testng.reporters.JUnitReportReporter -->
<testsuite skipped="0" hostname="EVT01907NB" name="org.springframework.samples.petclinic.cucumber.TestRun" tests="5" failures="0" timestamp="10 Kas 2021 10:59:14 GMT" time="55.380" errors="0">
  <testcase name="runScenario" time="7.358" classname="org.springframework.samples.petclinic.cucumber.TestRun"/>
  <testcase name="runScenario" time="8.613" classname="org.springframework.samples.petclinic.cucumber.TestRun"/>
  <testcase name="runScenario" time="15.298" classname="org.springframework.samples.petclinic.cucumber.TestRun"/>
  <testcase name="runScenario" time="20.191" classname="org.springframework.samples.petclinic.cucumber.TestRun"/>
  <testcase name="runScenario" time="3.920" classname="org.springframework.samples.petclinic.cucumber.TestRun"/>
</testsuite> <!-- org.springframework.samples.petclinic.cucumber.TestRun -->
