<?xml version="1.0" encoding="UTF-8"?>
<!-- Generated by org.testng.reporters.JUnitReportReporter -->
<testsuite skipped="0" hostname="EVT01907NB" name="org.springframework.samples.petclinic.PetClinicSeleniumTest" tests="1" failures="0" timestamp="2021-11-09T13:58:27 TRT" time="1.434" errors="0">
  <testcase name="openBrowser" time="1.434" classname="org.springframework.samples.petclinic.PetClinicSeleniumTest"/>
  <system-out/>
</testsuite> <!-- org.springframework.samples.petclinic.PetClinicSeleniumTest -->
