<?xml version="1.0" encoding="UTF-8"?>
<!-- Generated by org.testng.reporters.JUnitReportReporter -->
<testsuite skipped="0" hostname="EVT01907NB" name="org.springframework.samples.petclinic.selenium.PetClinicSeleniumTest" tests="6" failures="0" timestamp="09 Kas 2021 12:39:48 GMT" time="30.106" errors="0">
  <testcase name="findOwner" time="5.557" classname="org.springframework.samples.petclinic.selenium.PetClinicSeleniumTest"/>
  <testcase name="addPet" time="4.716" classname="org.springframework.samples.petclinic.selenium.PetClinicSeleniumTest"/>
  <testcase name="addVisit" time="12.960" classname="org.springframework.samples.petclinic.selenium.PetClinicSeleniumTest"/>
  <testcase name="openBrowser" time="1.210" classname="org.springframework.samples.petclinic.selenium.PetClinicSeleniumTest"/>
  <testcase name="updateOwner" time="2.489" classname="org.springframework.samples.petclinic.selenium.PetClinicSeleniumTest"/>
  <testcase name="createOwner" time="3.174" classname="org.springframework.samples.petclinic.selenium.PetClinicSeleniumTest"/>
</testsuite> <!-- org.springframework.samples.petclinic.selenium.PetClinicSeleniumTest -->
